CRITICAL - 2022-04-09 18:43:59 --> Call to undefined function link_tag()
#0 C:\Users\gueye\PhpstormProjects\tontine\system\View\View.php(210): include()
#1 C:\Users\gueye\PhpstormProjects\tontine\system\View\View.php(213): CodeIgniter\View\View->CodeIgniter\View\{closure}()
#2 C:\Users\gueye\PhpstormProjects\tontine\system\Common.php(1089): CodeIgniter\View\View->render('layout/entete', Array, true)
#3 C:\Users\gueye\PhpstormProjects\tontine\app\Controllers\Home.php(9): view('layout/entete')
#4 C:\Users\gueye\PhpstormProjects\tontine\system\CodeIgniter.php(825): App\Controllers\Home->index()
#5 C:\Users\gueye\PhpstormProjects\tontine\system\CodeIgniter.php(412): CodeIgniter\CodeIgniter->runController(Object(App\Controllers\Home))
#6 C:\Users\gueye\PhpstormProjects\tontine\system\CodeIgniter.php(320): CodeIgniter\CodeIgniter->handleRequest(NULL, Object(Config\Cache), false)
#7 C:\Users\gueye\PhpstormProjects\tontine\public\index.php(37): CodeIgniter\CodeIgniter->run()
#8 C:\Users\gueye\PhpstormProjects\tontine\system\Commands\Server\rewrite.php(43): require_once('C:\\Users\\gueye\\...')
#9 {main}
CRITICAL - 2022-04-09 19:48:41 --> include(./layout/entete.php): Failed to open stream: No such file or directory
#0 C:\Users\gueye\PhpstormProjects\tontine\app\Views\welcome_message.php(1): CodeIgniter\Debug\Exceptions->errorHandler(2, 'include(./layou...', 'C:\\Users\\gueye\\...', 1)
#1 C:\Users\gueye\PhpstormProjects\tontine\app\Views\welcome_message.php(1): include()
#2 C:\Users\gueye\PhpstormProjects\tontine\system\View\View.php(210): include('C:\\Users\\gueye\\...')
#3 C:\Users\gueye\PhpstormProjects\tontine\system\View\View.php(213): CodeIgniter\View\View->CodeIgniter\View\{closure}()
#4 C:\Users\gueye\PhpstormProjects\tontine\system\Common.php(1089): CodeIgniter\View\View->render('welcome_message', Array, true)
#5 C:\Users\gueye\PhpstormProjects\tontine\app\Controllers\Home.php(9): view('welcome_message')
#6 C:\Users\gueye\PhpstormProjects\tontine\system\CodeIgniter.php(825): App\Controllers\Home->index()
#7 C:\Users\gueye\PhpstormProjects\tontine\system\CodeIgniter.php(412): CodeIgniter\CodeIgniter->runController(Object(App\Controllers\Home))
#8 C:\Users\gueye\PhpstormProjects\tontine\system\CodeIgniter.php(320): CodeIgniter\CodeIgniter->handleRequest(NULL, Object(Config\Cache), false)
#9 C:\Users\gueye\PhpstormProjects\tontine\public\index.php(37): CodeIgniter\CodeIgniter->run()
#10 C:\Users\gueye\PhpstormProjects\tontine\system\Commands\Server\rewrite.php(43): require_once('C:\\Users\\gueye\\...')
#11 {main}
CRITICAL - 2022-04-09 20:11:21 --> syntax error, unexpected token "=>", expecting "]"
#0 C:\Users\gueye\PhpstormProjects\tontine\system\Autoloader\Autoloader.php(241): CodeIgniter\Autoloader\Autoloader->includeFile('C:\\Users\\gueye\\...')
#1 C:\Users\gueye\PhpstormProjects\tontine\system\Autoloader\Autoloader.php(219): CodeIgniter\Autoloader\Autoloader->loadInNamespace('App\\Controllers...')
#2 [internal function]: CodeIgniter\Autoloader\Autoloader->loadClass('App\\Controllers...')
#3 C:\Users\gueye\PhpstormProjects\tontine\system\CodeIgniter.php(790): class_exists('\\App\\Controller...', true)
#4 C:\Users\gueye\PhpstormProjects\tontine\system\CodeIgniter.php(399): CodeIgniter\CodeIgniter->startController()
#5 C:\Users\gueye\PhpstormProjects\tontine\system\CodeIgniter.php(320): CodeIgniter\CodeIgniter->handleRequest(NULL, Object(Config\Cache), false)
#6 C:\Users\gueye\PhpstormProjects\tontine\public\index.php(37): CodeIgniter\CodeIgniter->run()
#7 C:\Users\gueye\PhpstormProjects\tontine\system\Commands\Server\rewrite.php(43): require_once('C:\\Users\\gueye\\...')
#8 {main}
CRITICAL - 2022-04-09 21:21:07 --> Undefined variable $titre
#0 C:\Users\gueye\PhpstormProjects\tontine\app\Views\layout\entete.php(9): CodeIgniter\Debug\Exceptions->errorHandler(2, 'Undefined varia...', 'C:\\Users\\gueye\\...', 9)
#1 C:\Users\gueye\PhpstormProjects\tontine\system\View\View.php(210): include('C:\\Users\\gueye\\...')
#2 C:\Users\gueye\PhpstormProjects\tontine\system\View\View.php(213): CodeIgniter\View\View->CodeIgniter\View\{closure}()
#3 C:\Users\gueye\PhpstormProjects\tontine\system\Common.php(1089): CodeIgniter\View\View->render('layout/entete', Array, true)
#4 C:\Users\gueye\PhpstormProjects\tontine\app\Controllers\Utilisateur.php(16): view('layout/entete')
#5 C:\Users\gueye\PhpstormProjects\tontine\system\CodeIgniter.php(825): App\Controllers\Utilisateur->inscription()
#6 C:\Users\gueye\PhpstormProjects\tontine\system\CodeIgniter.php(412): CodeIgniter\CodeIgniter->runController(Object(App\Controllers\Utilisateur))
#7 C:\Users\gueye\PhpstormProjects\tontine\system\CodeIgniter.php(320): CodeIgniter\CodeIgniter->handleRequest(NULL, Object(Config\Cache), false)
#8 C:\Users\gueye\PhpstormProjects\tontine\public\index.php(37): CodeIgniter\CodeIgniter->run()
#9 C:\Users\gueye\PhpstormProjects\tontine\system\Commands\Server\rewrite.php(43): require_once('C:\\Users\\gueye\\...')
#10 {main}
