CRITICAL - 2022-01-27 08:55:33 --> Call to undefined function link_tag()
#0 C:\Users\gueye\PhpstormProjects\tontine\system\View\View.php(210): include()
#1 C:\Users\gueye\PhpstormProjects\tontine\system\View\View.php(213): CodeIgniter\View\View->CodeIgniter\View\{closure}()
#2 C:\Users\gueye\PhpstormProjects\tontine\system\Common.php(1089): CodeIgniter\View\View->render('welcome_message', Array, true)
#3 C:\Users\gueye\PhpstormProjects\tontine\app\Controllers\Home.php(9): view('welcome_message')
#4 C:\Users\gueye\PhpstormProjects\tontine\system\CodeIgniter.php(825): App\Controllers\Home->index()
#5 C:\Users\gueye\PhpstormProjects\tontine\system\CodeIgniter.php(412): CodeIgniter\CodeIgniter->runController(Object(App\Controllers\Home))
#6 C:\Users\gueye\PhpstormProjects\tontine\system\CodeIgniter.php(320): CodeIgniter\CodeIgniter->handleRequest(NULL, Object(Config\Cache), false)
#7 C:\Users\gueye\PhpstormProjects\tontine\public\index.php(37): CodeIgniter\CodeIgniter->run()
#8 C:\Users\gueye\PhpstormProjects\tontine\system\Commands\Server\rewrite.php(43): require_once('C:\\Users\\gueye\\...')
#9 {main}
CRITICAL - 2022-01-27 08:55:41 --> Call to undefined function link_tag()
#0 C:\Users\gueye\PhpstormProjects\tontine\system\View\View.php(210): include()
#1 C:\Users\gueye\PhpstormProjects\tontine\system\View\View.php(213): CodeIgniter\View\View->CodeIgniter\View\{closure}()
#2 C:\Users\gueye\PhpstormProjects\tontine\system\Common.php(1089): CodeIgniter\View\View->render('welcome_message', Array, true)
#3 C:\Users\gueye\PhpstormProjects\tontine\app\Controllers\Home.php(9): view('welcome_message')
#4 C:\Users\gueye\PhpstormProjects\tontine\system\CodeIgniter.php(825): App\Controllers\Home->index()
#5 C:\Users\gueye\PhpstormProjects\tontine\system\CodeIgniter.php(412): CodeIgniter\CodeIgniter->runController(Object(App\Controllers\Home))
#6 C:\Users\gueye\PhpstormProjects\tontine\system\CodeIgniter.php(320): CodeIgniter\CodeIgniter->handleRequest(NULL, Object(Config\Cache), false)
#7 C:\Users\gueye\PhpstormProjects\tontine\public\index.php(37): CodeIgniter\CodeIgniter->run()
#8 C:\Users\gueye\PhpstormProjects\tontine\system\Commands\Server\rewrite.php(43): require_once('C:\\Users\\gueye\\...')
#9 {main}
CRITICAL - 2022-01-27 08:56:35 --> Call to undefined function link_tag()
#0 C:\Users\gueye\PhpstormProjects\tontine\system\View\View.php(210): include()
#1 C:\Users\gueye\PhpstormProjects\tontine\system\View\View.php(213): CodeIgniter\View\View->CodeIgniter\View\{closure}()
#2 C:\Users\gueye\PhpstormProjects\tontine\system\Common.php(1089): CodeIgniter\View\View->render('welcome_message', Array, true)
#3 C:\Users\gueye\PhpstormProjects\tontine\app\Controllers\Home.php(9): view('welcome_message')
#4 C:\Users\gueye\PhpstormProjects\tontine\system\CodeIgniter.php(825): App\Controllers\Home->index()
#5 C:\Users\gueye\PhpstormProjects\tontine\system\CodeIgniter.php(412): CodeIgniter\CodeIgniter->runController(Object(App\Controllers\Home))
#6 C:\Users\gueye\PhpstormProjects\tontine\system\CodeIgniter.php(320): CodeIgniter\CodeIgniter->handleRequest(NULL, Object(Config\Cache), false)
#7 C:\Users\gueye\PhpstormProjects\tontine\public\index.php(37): CodeIgniter\CodeIgniter->run()
#8 C:\Users\gueye\PhpstormProjects\tontine\system\Commands\Server\rewrite.php(43): require_once('C:\\Users\\gueye\\...')
#9 {main}
CRITICAL - 2022-01-27 08:56:42 --> Call to undefined function link_tag()
#0 C:\Users\gueye\PhpstormProjects\tontine\system\View\View.php(210): include()
#1 C:\Users\gueye\PhpstormProjects\tontine\system\View\View.php(213): CodeIgniter\View\View->CodeIgniter\View\{closure}()
#2 C:\Users\gueye\PhpstormProjects\tontine\system\Common.php(1089): CodeIgniter\View\View->render('welcome_message', Array, true)
#3 C:\Users\gueye\PhpstormProjects\tontine\app\Controllers\Home.php(9): view('welcome_message')
#4 C:\Users\gueye\PhpstormProjects\tontine\system\CodeIgniter.php(825): App\Controllers\Home->index()
#5 C:\Users\gueye\PhpstormProjects\tontine\system\CodeIgniter.php(412): CodeIgniter\CodeIgniter->runController(Object(App\Controllers\Home))
#6 C:\Users\gueye\PhpstormProjects\tontine\system\CodeIgniter.php(320): CodeIgniter\CodeIgniter->handleRequest(NULL, Object(Config\Cache), false)
#7 C:\Users\gueye\PhpstormProjects\tontine\public\index.php(37): CodeIgniter\CodeIgniter->run()
#8 C:\Users\gueye\PhpstormProjects\tontine\system\Commands\Server\rewrite.php(43): require_once('C:\\Users\\gueye\\...')
#9 {main}
CRITICAL - 2022-01-27 08:56:46 --> Call to undefined function link_tag()
#0 C:\Users\gueye\PhpstormProjects\tontine\system\View\View.php(210): include()
#1 C:\Users\gueye\PhpstormProjects\tontine\system\View\View.php(213): CodeIgniter\View\View->CodeIgniter\View\{closure}()
#2 C:\Users\gueye\PhpstormProjects\tontine\system\Common.php(1089): CodeIgniter\View\View->render('welcome_message', Array, true)
#3 C:\Users\gueye\PhpstormProjects\tontine\app\Controllers\Home.php(9): view('welcome_message')
#4 C:\Users\gueye\PhpstormProjects\tontine\system\CodeIgniter.php(825): App\Controllers\Home->index()
#5 C:\Users\gueye\PhpstormProjects\tontine\system\CodeIgniter.php(412): CodeIgniter\CodeIgniter->runController(Object(App\Controllers\Home))
#6 C:\Users\gueye\PhpstormProjects\tontine\system\CodeIgniter.php(320): CodeIgniter\CodeIgniter->handleRequest(NULL, Object(Config\Cache), false)
#7 C:\Users\gueye\PhpstormProjects\tontine\public\index.php(37): CodeIgniter\CodeIgniter->run()
#8 C:\Users\gueye\PhpstormProjects\tontine\system\Commands\Server\rewrite.php(43): require_once('C:\\Users\\gueye\\...')
#9 {main}
CRITICAL - 2022-01-27 08:56:59 --> Call to undefined function link_tag()
#0 C:\Users\gueye\PhpstormProjects\tontine\system\View\View.php(210): include()
#1 C:\Users\gueye\PhpstormProjects\tontine\system\View\View.php(213): CodeIgniter\View\View->CodeIgniter\View\{closure}()
#2 C:\Users\gueye\PhpstormProjects\tontine\system\Common.php(1089): CodeIgniter\View\View->render('welcome_message', Array, true)
#3 C:\Users\gueye\PhpstormProjects\tontine\app\Controllers\Home.php(9): view('welcome_message')
#4 C:\Users\gueye\PhpstormProjects\tontine\system\CodeIgniter.php(825): App\Controllers\Home->index()
#5 C:\Users\gueye\PhpstormProjects\tontine\system\CodeIgniter.php(412): CodeIgniter\CodeIgniter->runController(Object(App\Controllers\Home))
#6 C:\Users\gueye\PhpstormProjects\tontine\system\CodeIgniter.php(320): CodeIgniter\CodeIgniter->handleRequest(NULL, Object(Config\Cache), false)
#7 C:\Users\gueye\PhpstormProjects\tontine\public\index.php(37): CodeIgniter\CodeIgniter->run()
#8 C:\Users\gueye\PhpstormProjects\tontine\system\Commands\Server\rewrite.php(43): require_once('C:\\Users\\gueye\\...')
#9 {main}
CRITICAL - 2022-01-27 08:57:37 --> Call to undefined function link_tag()
#0 C:\Users\gueye\PhpstormProjects\tontine\system\View\View.php(210): include()
#1 C:\Users\gueye\PhpstormProjects\tontine\system\View\View.php(213): CodeIgniter\View\View->CodeIgniter\View\{closure}()
#2 C:\Users\gueye\PhpstormProjects\tontine\system\Common.php(1089): CodeIgniter\View\View->render('welcome_message', Array, true)
#3 C:\Users\gueye\PhpstormProjects\tontine\app\Controllers\Home.php(9): view('welcome_message')
#4 C:\Users\gueye\PhpstormProjects\tontine\system\CodeIgniter.php(825): App\Controllers\Home->index()
#5 C:\Users\gueye\PhpstormProjects\tontine\system\CodeIgniter.php(412): CodeIgniter\CodeIgniter->runController(Object(App\Controllers\Home))
#6 C:\Users\gueye\PhpstormProjects\tontine\system\CodeIgniter.php(320): CodeIgniter\CodeIgniter->handleRequest(NULL, Object(Config\Cache), false)
#7 C:\Users\gueye\PhpstormProjects\tontine\public\index.php(37): CodeIgniter\CodeIgniter->run()
#8 C:\Users\gueye\PhpstormProjects\tontine\system\Commands\Server\rewrite.php(43): require_once('C:\\Users\\gueye\\...')
#9 {main}
CRITICAL - 2022-01-27 08:57:49 --> Call to undefined function link_tag()
#0 C:\Users\gueye\PhpstormProjects\tontine\system\View\View.php(210): include()
#1 C:\Users\gueye\PhpstormProjects\tontine\system\View\View.php(213): CodeIgniter\View\View->CodeIgniter\View\{closure}()
#2 C:\Users\gueye\PhpstormProjects\tontine\system\Common.php(1089): CodeIgniter\View\View->render('welcome_message', Array, true)
#3 C:\Users\gueye\PhpstormProjects\tontine\app\Controllers\Home.php(9): view('welcome_message')
#4 C:\Users\gueye\PhpstormProjects\tontine\system\CodeIgniter.php(825): App\Controllers\Home->index()
#5 C:\Users\gueye\PhpstormProjects\tontine\system\CodeIgniter.php(412): CodeIgniter\CodeIgniter->runController(Object(App\Controllers\Home))
#6 C:\Users\gueye\PhpstormProjects\tontine\system\CodeIgniter.php(320): CodeIgniter\CodeIgniter->handleRequest(NULL, Object(Config\Cache), false)
#7 C:\Users\gueye\PhpstormProjects\tontine\public\index.php(37): CodeIgniter\CodeIgniter->run()
#8 C:\Users\gueye\PhpstormProjects\tontine\system\Commands\Server\rewrite.php(43): require_once('C:\\Users\\gueye\\...')
#9 {main}
CRITICAL - 2022-01-27 08:57:51 --> Call to undefined function link_tag()
#0 C:\Users\gueye\PhpstormProjects\tontine\system\View\View.php(210): include()
#1 C:\Users\gueye\PhpstormProjects\tontine\system\View\View.php(213): CodeIgniter\View\View->CodeIgniter\View\{closure}()
#2 C:\Users\gueye\PhpstormProjects\tontine\system\Common.php(1089): CodeIgniter\View\View->render('welcome_message', Array, true)
#3 C:\Users\gueye\PhpstormProjects\tontine\app\Controllers\Home.php(9): view('welcome_message')
#4 C:\Users\gueye\PhpstormProjects\tontine\system\CodeIgniter.php(825): App\Controllers\Home->index()
#5 C:\Users\gueye\PhpstormProjects\tontine\system\CodeIgniter.php(412): CodeIgniter\CodeIgniter->runController(Object(App\Controllers\Home))
#6 C:\Users\gueye\PhpstormProjects\tontine\system\CodeIgniter.php(320): CodeIgniter\CodeIgniter->handleRequest(NULL, Object(Config\Cache), false)
#7 C:\Users\gueye\PhpstormProjects\tontine\public\index.php(37): CodeIgniter\CodeIgniter->run()
#8 C:\Users\gueye\PhpstormProjects\tontine\system\Commands\Server\rewrite.php(43): require_once('C:\\Users\\gueye\\...')
#9 {main}
CRITICAL - 2022-01-27 08:57:52 --> Call to undefined function link_tag()
#0 C:\Users\gueye\PhpstormProjects\tontine\system\View\View.php(210): include()
#1 C:\Users\gueye\PhpstormProjects\tontine\system\View\View.php(213): CodeIgniter\View\View->CodeIgniter\View\{closure}()
#2 C:\Users\gueye\PhpstormProjects\tontine\system\Common.php(1089): CodeIgniter\View\View->render('welcome_message', Array, true)
#3 C:\Users\gueye\PhpstormProjects\tontine\app\Controllers\Home.php(9): view('welcome_message')
#4 C:\Users\gueye\PhpstormProjects\tontine\system\CodeIgniter.php(825): App\Controllers\Home->index()
#5 C:\Users\gueye\PhpstormProjects\tontine\system\CodeIgniter.php(412): CodeIgniter\CodeIgniter->runController(Object(App\Controllers\Home))
#6 C:\Users\gueye\PhpstormProjects\tontine\system\CodeIgniter.php(320): CodeIgniter\CodeIgniter->handleRequest(NULL, Object(Config\Cache), false)
#7 C:\Users\gueye\PhpstormProjects\tontine\public\index.php(37): CodeIgniter\CodeIgniter->run()
#8 C:\Users\gueye\PhpstormProjects\tontine\system\Commands\Server\rewrite.php(43): require_once('C:\\Users\\gueye\\...')
#9 {main}
CRITICAL - 2022-01-27 08:58:02 --> Call to undefined function link_tag()
#0 C:\Users\gueye\PhpstormProjects\tontine\system\View\View.php(210): include()
#1 C:\Users\gueye\PhpstormProjects\tontine\system\View\View.php(213): CodeIgniter\View\View->CodeIgniter\View\{closure}()
#2 C:\Users\gueye\PhpstormProjects\tontine\system\Common.php(1089): CodeIgniter\View\View->render('welcome_message', Array, true)
#3 C:\Users\gueye\PhpstormProjects\tontine\app\Controllers\Home.php(9): view('welcome_message')
#4 C:\Users\gueye\PhpstormProjects\tontine\system\CodeIgniter.php(825): App\Controllers\Home->index()
#5 C:\Users\gueye\PhpstormProjects\tontine\system\CodeIgniter.php(412): CodeIgniter\CodeIgniter->runController(Object(App\Controllers\Home))
#6 C:\Users\gueye\PhpstormProjects\tontine\system\CodeIgniter.php(320): CodeIgniter\CodeIgniter->handleRequest(NULL, Object(Config\Cache), false)
#7 C:\Users\gueye\PhpstormProjects\tontine\public\index.php(37): CodeIgniter\CodeIgniter->run()
#8 C:\Users\gueye\PhpstormProjects\tontine\system\Commands\Server\rewrite.php(43): require_once('C:\\Users\\gueye\\...')
#9 {main}
CRITICAL - 2022-01-27 08:58:56 --> Call to undefined function link_tag()
#0 C:\Users\gueye\PhpstormProjects\tontine\system\View\View.php(210): include()
#1 C:\Users\gueye\PhpstormProjects\tontine\system\View\View.php(213): CodeIgniter\View\View->CodeIgniter\View\{closure}()
#2 C:\Users\gueye\PhpstormProjects\tontine\system\Common.php(1089): CodeIgniter\View\View->render('welcome_message', Array, true)
#3 C:\Users\gueye\PhpstormProjects\tontine\app\Controllers\Home.php(9): view('welcome_message')
#4 C:\Users\gueye\PhpstormProjects\tontine\system\CodeIgniter.php(825): App\Controllers\Home->index()
#5 C:\Users\gueye\PhpstormProjects\tontine\system\CodeIgniter.php(412): CodeIgniter\CodeIgniter->runController(Object(App\Controllers\Home))
#6 C:\Users\gueye\PhpstormProjects\tontine\system\CodeIgniter.php(320): CodeIgniter\CodeIgniter->handleRequest(NULL, Object(Config\Cache), false)
#7 C:\Users\gueye\PhpstormProjects\tontine\public\index.php(37): CodeIgniter\CodeIgniter->run()
#8 C:\Users\gueye\PhpstormProjects\tontine\system\Commands\Server\rewrite.php(43): require_once('C:\\Users\\gueye\\...')
#9 {main}
CRITICAL - 2022-01-27 08:59:14 --> Call to undefined function link_tag()
#0 C:\Users\gueye\PhpstormProjects\tontine\system\View\View.php(210): include()
#1 C:\Users\gueye\PhpstormProjects\tontine\system\View\View.php(213): CodeIgniter\View\View->CodeIgniter\View\{closure}()
#2 C:\Users\gueye\PhpstormProjects\tontine\system\Common.php(1089): CodeIgniter\View\View->render('welcome_message', Array, true)
#3 C:\Users\gueye\PhpstormProjects\tontine\app\Controllers\Home.php(9): view('welcome_message')
#4 C:\Users\gueye\PhpstormProjects\tontine\system\CodeIgniter.php(825): App\Controllers\Home->index()
#5 C:\Users\gueye\PhpstormProjects\tontine\system\CodeIgniter.php(412): CodeIgniter\CodeIgniter->runController(Object(App\Controllers\Home))
#6 C:\Users\gueye\PhpstormProjects\tontine\system\CodeIgniter.php(320): CodeIgniter\CodeIgniter->handleRequest(NULL, Object(Config\Cache), false)
#7 C:\Users\gueye\PhpstormProjects\tontine\public\index.php(37): CodeIgniter\CodeIgniter->run()
#8 C:\Users\gueye\PhpstormProjects\tontine\system\Commands\Server\rewrite.php(43): require_once('C:\\Users\\gueye\\...')
#9 {main}
