CRITICAL - 2022-04-10 05:38:01 --> Undefined variable $titre
#0 C:\Users\gueye\PhpstormProjects\tontine\app\Views\layout\entete.php(9): CodeIgniter\Debug\Exceptions->errorHandler(2, 'Undefined varia...', 'C:\\Users\\gueye\\...', 9)
#1 C:\Users\gueye\PhpstormProjects\tontine\system\View\View.php(210): include('C:\\Users\\gueye\\...')
#2 C:\Users\gueye\PhpstormProjects\tontine\system\View\View.php(213): CodeIgniter\View\View->CodeIgniter\View\{closure}()
#3 C:\Users\gueye\PhpstormProjects\tontine\system\Common.php(1089): CodeIgniter\View\View->render('layout/entete', Array, true)
#4 C:\Users\gueye\PhpstormProjects\tontine\app\Controllers\Home.php(20): view('layout/entete')
#5 C:\Users\gueye\PhpstormProjects\tontine\system\CodeIgniter.php(825): App\Controllers\Home->presentation()
#6 C:\Users\gueye\PhpstormProjects\tontine\system\CodeIgniter.php(412): CodeIgniter\CodeIgniter->runController(Object(App\Controllers\Home))
#7 C:\Users\gueye\PhpstormProjects\tontine\system\CodeIgniter.php(320): CodeIgniter\CodeIgniter->handleRequest(NULL, Object(Config\Cache), false)
#8 C:\Users\gueye\PhpstormProjects\tontine\public\index.php(37): CodeIgniter\CodeIgniter->run()
#9 C:\Users\gueye\PhpstormProjects\tontine\system\Commands\Server\rewrite.php(43): require_once('C:\\Users\\gueye\\...')
#10 {main}
CRITICAL - 2022-04-10 05:39:47 --> Undefined variable $titre
#0 C:\Users\gueye\PhpstormProjects\tontine\app\Views\layout\entete.php(9): CodeIgniter\Debug\Exceptions->errorHandler(2, 'Undefined varia...', 'C:\\Users\\gueye\\...', 9)
#1 C:\Users\gueye\PhpstormProjects\tontine\system\View\View.php(210): include('C:\\Users\\gueye\\...')
#2 C:\Users\gueye\PhpstormProjects\tontine\system\View\View.php(213): CodeIgniter\View\View->CodeIgniter\View\{closure}()
#3 C:\Users\gueye\PhpstormProjects\tontine\system\Common.php(1089): CodeIgniter\View\View->render('layout/entete', Array, true)
#4 C:\Users\gueye\PhpstormProjects\tontine\app\Controllers\Home.php(20): view('layout/entete')
#5 C:\Users\gueye\PhpstormProjects\tontine\system\CodeIgniter.php(825): App\Controllers\Home->presentation()
#6 C:\Users\gueye\PhpstormProjects\tontine\system\CodeIgniter.php(412): CodeIgniter\CodeIgniter->runController(Object(App\Controllers\Home))
#7 C:\Users\gueye\PhpstormProjects\tontine\system\CodeIgniter.php(320): CodeIgniter\CodeIgniter->handleRequest(NULL, Object(Config\Cache), false)
#8 C:\Users\gueye\PhpstormProjects\tontine\public\index.php(37): CodeIgniter\CodeIgniter->run()
#9 C:\Users\gueye\PhpstormProjects\tontine\system\Commands\Server\rewrite.php(43): require_once('C:\\Users\\gueye\\...')
#10 {main}
CRITICAL - 2022-04-10 05:39:48 --> Undefined variable $titre
#0 C:\Users\gueye\PhpstormProjects\tontine\app\Views\layout\entete.php(9): CodeIgniter\Debug\Exceptions->errorHandler(2, 'Undefined varia...', 'C:\\Users\\gueye\\...', 9)
#1 C:\Users\gueye\PhpstormProjects\tontine\system\View\View.php(210): include('C:\\Users\\gueye\\...')
#2 C:\Users\gueye\PhpstormProjects\tontine\system\View\View.php(213): CodeIgniter\View\View->CodeIgniter\View\{closure}()
#3 C:\Users\gueye\PhpstormProjects\tontine\system\Common.php(1089): CodeIgniter\View\View->render('layout/entete', Array, true)
#4 C:\Users\gueye\PhpstormProjects\tontine\app\Controllers\Home.php(20): view('layout/entete')
#5 C:\Users\gueye\PhpstormProjects\tontine\system\CodeIgniter.php(825): App\Controllers\Home->presentation()
#6 C:\Users\gueye\PhpstormProjects\tontine\system\CodeIgniter.php(412): CodeIgniter\CodeIgniter->runController(Object(App\Controllers\Home))
#7 C:\Users\gueye\PhpstormProjects\tontine\system\CodeIgniter.php(320): CodeIgniter\CodeIgniter->handleRequest(NULL, Object(Config\Cache), false)
#8 C:\Users\gueye\PhpstormProjects\tontine\public\index.php(37): CodeIgniter\CodeIgniter->run()
#9 C:\Users\gueye\PhpstormProjects\tontine\system\Commands\Server\rewrite.php(43): require_once('C:\\Users\\gueye\\...')
#10 {main}
CRITICAL - 2022-04-10 07:16:31 --> required|min_length is not a valid rule.
#0 C:\Users\gueye\PhpstormProjects\tontine\system\Validation\Validation.php(300): CodeIgniter\Validation\Exceptions\ValidationException::forRuleNotFound('required|min_le...')
#1 C:\Users\gueye\PhpstormProjects\tontine\system\Validation\Validation.php(157): CodeIgniter\Validation\Validation->processRules('motPasseConf', 'motPasseConf', 'tamsir', Array, Array)
#2 C:\Users\gueye\PhpstormProjects\tontine\system\Controller.php(160): CodeIgniter\Validation\Validation->run()
#3 C:\Users\gueye\PhpstormProjects\tontine\app\Controllers\Utilisateur.php(61): CodeIgniter\Controller->validate(Array)
#4 C:\Users\gueye\PhpstormProjects\tontine\system\CodeIgniter.php(825): App\Controllers\Utilisateur->inscription()
#5 C:\Users\gueye\PhpstormProjects\tontine\system\CodeIgniter.php(412): CodeIgniter\CodeIgniter->runController(Object(App\Controllers\Utilisateur))
#6 C:\Users\gueye\PhpstormProjects\tontine\system\CodeIgniter.php(320): CodeIgniter\CodeIgniter->handleRequest(NULL, Object(Config\Cache), false)
#7 C:\Users\gueye\PhpstormProjects\tontine\public\index.php(37): CodeIgniter\CodeIgniter->run()
#8 C:\Users\gueye\PhpstormProjects\tontine\system\Commands\Server\rewrite.php(43): require_once('C:\\Users\\gueye\\...')
#9 {main}
CRITICAL - 2022-04-10 07:16:54 --> required|min_length is not a valid rule.
#0 C:\Users\gueye\PhpstormProjects\tontine\system\Validation\Validation.php(300): CodeIgniter\Validation\Exceptions\ValidationException::forRuleNotFound('required|min_le...')
#1 C:\Users\gueye\PhpstormProjects\tontine\system\Validation\Validation.php(157): CodeIgniter\Validation\Validation->processRules('motPasseConf', 'motPasseConf', 'tamsir', Array, Array)
#2 C:\Users\gueye\PhpstormProjects\tontine\system\Controller.php(160): CodeIgniter\Validation\Validation->run()
#3 C:\Users\gueye\PhpstormProjects\tontine\app\Controllers\Utilisateur.php(61): CodeIgniter\Controller->validate(Array)
#4 C:\Users\gueye\PhpstormProjects\tontine\system\CodeIgniter.php(825): App\Controllers\Utilisateur->inscription()
#5 C:\Users\gueye\PhpstormProjects\tontine\system\CodeIgniter.php(412): CodeIgniter\CodeIgniter->runController(Object(App\Controllers\Utilisateur))
#6 C:\Users\gueye\PhpstormProjects\tontine\system\CodeIgniter.php(320): CodeIgniter\CodeIgniter->handleRequest(NULL, Object(Config\Cache), false)
#7 C:\Users\gueye\PhpstormProjects\tontine\public\index.php(37): CodeIgniter\CodeIgniter->run()
#8 C:\Users\gueye\PhpstormProjects\tontine\system\Commands\Server\rewrite.php(43): require_once('C:\\Users\\gueye\\...')
#9 {main}
CRITICAL - 2022-04-10 14:57:41 --> validateUser is not a valid rule.
#0 C:\Users\gueye\PhpstormProjects\tontine\system\Validation\Validation.php(300): CodeIgniter\Validation\Exceptions\ValidationException::forRuleNotFound('validateUser')
#1 C:\Users\gueye\PhpstormProjects\tontine\system\Validation\Validation.php(157): CodeIgniter\Validation\Validation->processRules('password', 'password', 'tamsir', Array, Array)
#2 C:\Users\gueye\PhpstormProjects\tontine\system\Controller.php(160): CodeIgniter\Validation\Validation->run()
#3 C:\Users\gueye\PhpstormProjects\tontine\app\Controllers\Utilisateur.php(33): CodeIgniter\Controller->validate(Array)
#4 C:\Users\gueye\PhpstormProjects\tontine\system\CodeIgniter.php(825): App\Controllers\Utilisateur->index()
#5 C:\Users\gueye\PhpstormProjects\tontine\system\CodeIgniter.php(412): CodeIgniter\CodeIgniter->runController(Object(App\Controllers\Utilisateur))
#6 C:\Users\gueye\PhpstormProjects\tontine\system\CodeIgniter.php(320): CodeIgniter\CodeIgniter->handleRequest(NULL, Object(Config\Cache), false)
#7 C:\Users\gueye\PhpstormProjects\tontine\public\index.php(37): CodeIgniter\CodeIgniter->run()
#8 C:\Users\gueye\PhpstormProjects\tontine\system\Commands\Server\rewrite.php(43): require_once('C:\\Users\\gueye\\...')
#9 {main}
CRITICAL - 2022-04-10 14:59:00 --> validateUser is not a valid rule.
#0 C:\Users\gueye\PhpstormProjects\tontine\system\Validation\Validation.php(300): CodeIgniter\Validation\Exceptions\ValidationException::forRuleNotFound('validateUser')
#1 C:\Users\gueye\PhpstormProjects\tontine\system\Validation\Validation.php(157): CodeIgniter\Validation\Validation->processRules('motPasse', 'motPasse', 'tamsir', Array, Array)
#2 C:\Users\gueye\PhpstormProjects\tontine\system\Controller.php(160): CodeIgniter\Validation\Validation->run()
#3 C:\Users\gueye\PhpstormProjects\tontine\app\Controllers\Utilisateur.php(33): CodeIgniter\Controller->validate(Array)
#4 C:\Users\gueye\PhpstormProjects\tontine\system\CodeIgniter.php(825): App\Controllers\Utilisateur->index()
#5 C:\Users\gueye\PhpstormProjects\tontine\system\CodeIgniter.php(412): CodeIgniter\CodeIgniter->runController(Object(App\Controllers\Utilisateur))
#6 C:\Users\gueye\PhpstormProjects\tontine\system\CodeIgniter.php(320): CodeIgniter\CodeIgniter->handleRequest(NULL, Object(Config\Cache), false)
#7 C:\Users\gueye\PhpstormProjects\tontine\public\index.php(37): CodeIgniter\CodeIgniter->run()
#8 C:\Users\gueye\PhpstormProjects\tontine\system\Commands\Server\rewrite.php(43): require_once('C:\\Users\\gueye\\...')
#9 {main}
CRITICAL - 2022-04-10 14:59:08 --> validateUser is not a valid rule.
#0 C:\Users\gueye\PhpstormProjects\tontine\system\Validation\Validation.php(300): CodeIgniter\Validation\Exceptions\ValidationException::forRuleNotFound('validateUser')
#1 C:\Users\gueye\PhpstormProjects\tontine\system\Validation\Validation.php(157): CodeIgniter\Validation\Validation->processRules('motPasse', 'motPasse', 'tams', Array, Array)
#2 C:\Users\gueye\PhpstormProjects\tontine\system\Controller.php(160): CodeIgniter\Validation\Validation->run()
#3 C:\Users\gueye\PhpstormProjects\tontine\app\Controllers\Utilisateur.php(33): CodeIgniter\Controller->validate(Array)
#4 C:\Users\gueye\PhpstormProjects\tontine\system\CodeIgniter.php(825): App\Controllers\Utilisateur->index()
#5 C:\Users\gueye\PhpstormProjects\tontine\system\CodeIgniter.php(412): CodeIgniter\CodeIgniter->runController(Object(App\Controllers\Utilisateur))
#6 C:\Users\gueye\PhpstormProjects\tontine\system\CodeIgniter.php(320): CodeIgniter\CodeIgniter->handleRequest(NULL, Object(Config\Cache), false)
#7 C:\Users\gueye\PhpstormProjects\tontine\public\index.php(37): CodeIgniter\CodeIgniter->run()
#8 C:\Users\gueye\PhpstormProjects\tontine\system\Commands\Server\rewrite.php(43): require_once('C:\\Users\\gueye\\...')
#9 {main}
CRITICAL - 2022-04-10 15:02:47 --> Class "UtilisateurRules" not found
#0 C:\Users\gueye\PhpstormProjects\tontine\system\Validation\Validation.php(115): CodeIgniter\Validation\Validation->loadRuleSets()
#1 C:\Users\gueye\PhpstormProjects\tontine\system\Controller.php(160): CodeIgniter\Validation\Validation->run()
#2 C:\Users\gueye\PhpstormProjects\tontine\app\Controllers\Utilisateur.php(33): CodeIgniter\Controller->validate(Array)
#3 C:\Users\gueye\PhpstormProjects\tontine\system\CodeIgniter.php(825): App\Controllers\Utilisateur->index()
#4 C:\Users\gueye\PhpstormProjects\tontine\system\CodeIgniter.php(412): CodeIgniter\CodeIgniter->runController(Object(App\Controllers\Utilisateur))
#5 C:\Users\gueye\PhpstormProjects\tontine\system\CodeIgniter.php(320): CodeIgniter\CodeIgniter->handleRequest(NULL, Object(Config\Cache), false)
#6 C:\Users\gueye\PhpstormProjects\tontine\public\index.php(37): CodeIgniter\CodeIgniter->run()
#7 C:\Users\gueye\PhpstormProjects\tontine\system\Commands\Server\rewrite.php(43): require_once('C:\\Users\\gueye\\...')
#8 {main}
CRITICAL - 2022-04-10 15:06:30 --> syntax error, unexpected token "class"
#0 C:\Users\gueye\PhpstormProjects\tontine\system\Autoloader\Autoloader.php(241): CodeIgniter\Autoloader\Autoloader->includeFile('C:\\Users\\gueye\\...')
#1 C:\Users\gueye\PhpstormProjects\tontine\system\Autoloader\Autoloader.php(219): CodeIgniter\Autoloader\Autoloader->loadInNamespace('Config\\Validati...')
#2 [internal function]: CodeIgniter\Autoloader\Autoloader->loadClass('Config\\Validati...')
#3 C:\Users\gueye\PhpstormProjects\tontine\system\Config\Factories.php(136): class_exists('Config\\Validati...')
#4 C:\Users\gueye\PhpstormProjects\tontine\system\Config\Factories.php(106): CodeIgniter\Config\Factories::locateClass(Array, 'Validation')
#5 C:\Users\gueye\PhpstormProjects\tontine\system\Common.php(198): CodeIgniter\Config\Factories::__callStatic('config', Array)
#6 C:\Users\gueye\PhpstormProjects\tontine\system\Config\Services.php(656): config('Validation')
#7 C:\Users\gueye\PhpstormProjects\tontine\system\Config\BaseService.php(248): CodeIgniter\Config\Services::validation(NULL, false)
#8 C:\Users\gueye\PhpstormProjects\tontine\system\Config\BaseService.php(189): CodeIgniter\Config\BaseService::__callStatic('validation', Array)
#9 C:\Users\gueye\PhpstormProjects\tontine\system\Config\Services.php(653): CodeIgniter\Config\BaseService::getSharedInstance('validation', NULL)
#10 C:\Users\gueye\PhpstormProjects\tontine\system\Config\BaseService.php(248): CodeIgniter\Config\Services::validation()
#11 C:\Users\gueye\PhpstormProjects\tontine\system\Controller.php(139): CodeIgniter\Config\BaseService::__callStatic('validation', Array)
#12 C:\Users\gueye\PhpstormProjects\tontine\app\Controllers\Utilisateur.php(33): CodeIgniter\Controller->validate(Array)
#13 C:\Users\gueye\PhpstormProjects\tontine\system\CodeIgniter.php(825): App\Controllers\Utilisateur->index()
#14 C:\Users\gueye\PhpstormProjects\tontine\system\CodeIgniter.php(412): CodeIgniter\CodeIgniter->runController(Object(App\Controllers\Utilisateur))
#15 C:\Users\gueye\PhpstormProjects\tontine\system\CodeIgniter.php(320): CodeIgniter\CodeIgniter->handleRequest(NULL, Object(Config\Cache), false)
#16 C:\Users\gueye\PhpstormProjects\tontine\public\index.php(37): CodeIgniter\CodeIgniter->run()
#17 C:\Users\gueye\PhpstormProjects\tontine\system\Commands\Server\rewrite.php(43): require_once('C:\\Users\\gueye\\...')
#18 {main}
CRITICAL - 2022-04-10 15:07:10 --> syntax error, unexpected token "class"
#0 C:\Users\gueye\PhpstormProjects\tontine\system\Autoloader\Autoloader.php(241): CodeIgniter\Autoloader\Autoloader->includeFile('C:\\Users\\gueye\\...')
#1 C:\Users\gueye\PhpstormProjects\tontine\system\Autoloader\Autoloader.php(219): CodeIgniter\Autoloader\Autoloader->loadInNamespace('Config\\Validati...')
#2 [internal function]: CodeIgniter\Autoloader\Autoloader->loadClass('Config\\Validati...')
#3 C:\Users\gueye\PhpstormProjects\tontine\system\Config\Factories.php(136): class_exists('Config\\Validati...')
#4 C:\Users\gueye\PhpstormProjects\tontine\system\Config\Factories.php(106): CodeIgniter\Config\Factories::locateClass(Array, 'Validation')
#5 C:\Users\gueye\PhpstormProjects\tontine\system\Common.php(198): CodeIgniter\Config\Factories::__callStatic('config', Array)
#6 C:\Users\gueye\PhpstormProjects\tontine\system\Config\Services.php(656): config('Validation')
#7 C:\Users\gueye\PhpstormProjects\tontine\system\Config\BaseService.php(248): CodeIgniter\Config\Services::validation(NULL, false)
#8 C:\Users\gueye\PhpstormProjects\tontine\system\Config\BaseService.php(189): CodeIgniter\Config\BaseService::__callStatic('validation', Array)
#9 C:\Users\gueye\PhpstormProjects\tontine\system\Config\Services.php(653): CodeIgniter\Config\BaseService::getSharedInstance('validation', NULL)
#10 C:\Users\gueye\PhpstormProjects\tontine\system\Config\BaseService.php(248): CodeIgniter\Config\Services::validation()
#11 C:\Users\gueye\PhpstormProjects\tontine\system\Controller.php(139): CodeIgniter\Config\BaseService::__callStatic('validation', Array)
#12 C:\Users\gueye\PhpstormProjects\tontine\app\Controllers\Utilisateur.php(33): CodeIgniter\Controller->validate(Array)
#13 C:\Users\gueye\PhpstormProjects\tontine\system\CodeIgniter.php(825): App\Controllers\Utilisateur->index()
#14 C:\Users\gueye\PhpstormProjects\tontine\system\CodeIgniter.php(412): CodeIgniter\CodeIgniter->runController(Object(App\Controllers\Utilisateur))
#15 C:\Users\gueye\PhpstormProjects\tontine\system\CodeIgniter.php(320): CodeIgniter\CodeIgniter->handleRequest(NULL, Object(Config\Cache), false)
#16 C:\Users\gueye\PhpstormProjects\tontine\public\index.php(37): CodeIgniter\CodeIgniter->run()
#17 C:\Users\gueye\PhpstormProjects\tontine\system\Commands\Server\rewrite.php(43): require_once('C:\\Users\\gueye\\...')
#18 {main}
CRITICAL - 2022-04-10 15:09:34 --> validateUser is not a valid rule.
#0 C:\Users\gueye\PhpstormProjects\tontine\system\Validation\Validation.php(300): CodeIgniter\Validation\Exceptions\ValidationException::forRuleNotFound('validateUser')
#1 C:\Users\gueye\PhpstormProjects\tontine\system\Validation\Validation.php(157): CodeIgniter\Validation\Validation->processRules('motPasse', 'motPasse', 'tamsir', Array, Array)
#2 C:\Users\gueye\PhpstormProjects\tontine\system\Controller.php(160): CodeIgniter\Validation\Validation->run()
#3 C:\Users\gueye\PhpstormProjects\tontine\app\Controllers\Utilisateur.php(33): CodeIgniter\Controller->validate(Array)
#4 C:\Users\gueye\PhpstormProjects\tontine\system\CodeIgniter.php(825): App\Controllers\Utilisateur->index()
#5 C:\Users\gueye\PhpstormProjects\tontine\system\CodeIgniter.php(412): CodeIgniter\CodeIgniter->runController(Object(App\Controllers\Utilisateur))
#6 C:\Users\gueye\PhpstormProjects\tontine\system\CodeIgniter.php(320): CodeIgniter\CodeIgniter->handleRequest(NULL, Object(Config\Cache), false)
#7 C:\Users\gueye\PhpstormProjects\tontine\public\index.php(37): CodeIgniter\CodeIgniter->run()
#8 C:\Users\gueye\PhpstormProjects\tontine\system\Commands\Server\rewrite.php(43): require_once('C:\\Users\\gueye\\...')
#9 {main}
CRITICAL - 2022-04-10 15:11:22 --> validateUser is not a valid rule.
#0 C:\Users\gueye\PhpstormProjects\tontine\system\Validation\Validation.php(300): CodeIgniter\Validation\Exceptions\ValidationException::forRuleNotFound('validateUser')
#1 C:\Users\gueye\PhpstormProjects\tontine\system\Validation\Validation.php(157): CodeIgniter\Validation\Validation->processRules('motPasse', 'motPasse', 'tamsir', Array, Array)
#2 C:\Users\gueye\PhpstormProjects\tontine\system\Controller.php(160): CodeIgniter\Validation\Validation->run()
#3 C:\Users\gueye\PhpstormProjects\tontine\app\Controllers\Utilisateur.php(33): CodeIgniter\Controller->validate(Array)
#4 C:\Users\gueye\PhpstormProjects\tontine\system\CodeIgniter.php(825): App\Controllers\Utilisateur->index()
#5 C:\Users\gueye\PhpstormProjects\tontine\system\CodeIgniter.php(412): CodeIgniter\CodeIgniter->runController(Object(App\Controllers\Utilisateur))
#6 C:\Users\gueye\PhpstormProjects\tontine\system\CodeIgniter.php(320): CodeIgniter\CodeIgniter->handleRequest(NULL, Object(Config\Cache), false)
#7 C:\Users\gueye\PhpstormProjects\tontine\public\index.php(37): CodeIgniter\CodeIgniter->run()
#8 C:\Users\gueye\PhpstormProjects\tontine\system\Commands\Server\rewrite.php(43): require_once('C:\\Users\\gueye\\...')
#9 {main}
CRITICAL - 2022-04-10 15:15:48 --> validateUser is not a valid rule.
#0 C:\Users\gueye\PhpstormProjects\tontine\system\Validation\Validation.php(300): CodeIgniter\Validation\Exceptions\ValidationException::forRuleNotFound('validateUser')
#1 C:\Users\gueye\PhpstormProjects\tontine\system\Validation\Validation.php(157): CodeIgniter\Validation\Validation->processRules('motPasse', 'motPasse', 'tamsir', Array, Array)
#2 C:\Users\gueye\PhpstormProjects\tontine\system\Controller.php(160): CodeIgniter\Validation\Validation->run()
#3 C:\Users\gueye\PhpstormProjects\tontine\app\Controllers\Utilisateur.php(33): CodeIgniter\Controller->validate(Array)
#4 C:\Users\gueye\PhpstormProjects\tontine\system\CodeIgniter.php(825): App\Controllers\Utilisateur->index()
#5 C:\Users\gueye\PhpstormProjects\tontine\system\CodeIgniter.php(412): CodeIgniter\CodeIgniter->runController(Object(App\Controllers\Utilisateur))
#6 C:\Users\gueye\PhpstormProjects\tontine\system\CodeIgniter.php(320): CodeIgniter\CodeIgniter->handleRequest(NULL, Object(Config\Cache), false)
#7 C:\Users\gueye\PhpstormProjects\tontine\public\index.php(37): CodeIgniter\CodeIgniter->run()
#8 C:\Users\gueye\PhpstormProjects\tontine\system\Commands\Server\rewrite.php(43): require_once('C:\\Users\\gueye\\...')
#9 {main}
CRITICAL - 2022-04-10 15:18:21 --> validateUser is not a valid rule.
#0 C:\Users\gueye\PhpstormProjects\tontine\system\Validation\Validation.php(300): CodeIgniter\Validation\Exceptions\ValidationException::forRuleNotFound('validateUser')
#1 C:\Users\gueye\PhpstormProjects\tontine\system\Validation\Validation.php(157): CodeIgniter\Validation\Validation->processRules('motPasse', 'motPasse', 'tamsir', Array, Array)
#2 C:\Users\gueye\PhpstormProjects\tontine\system\Controller.php(160): CodeIgniter\Validation\Validation->run()
#3 C:\Users\gueye\PhpstormProjects\tontine\app\Controllers\Utilisateur.php(33): CodeIgniter\Controller->validate(Array)
#4 C:\Users\gueye\PhpstormProjects\tontine\system\CodeIgniter.php(825): App\Controllers\Utilisateur->index()
#5 C:\Users\gueye\PhpstormProjects\tontine\system\CodeIgniter.php(412): CodeIgniter\CodeIgniter->runController(Object(App\Controllers\Utilisateur))
#6 C:\Users\gueye\PhpstormProjects\tontine\system\CodeIgniter.php(320): CodeIgniter\CodeIgniter->handleRequest(NULL, Object(Config\Cache), false)
#7 C:\Users\gueye\PhpstormProjects\tontine\public\index.php(37): CodeIgniter\CodeIgniter->run()
#8 C:\Users\gueye\PhpstormProjects\tontine\system\Commands\Server\rewrite.php(43): require_once('C:\\Users\\gueye\\...')
#9 {main}
CRITICAL - 2022-04-10 15:18:35 --> validateUser is not a valid rule.
#0 C:\Users\gueye\PhpstormProjects\tontine\system\Validation\Validation.php(300): CodeIgniter\Validation\Exceptions\ValidationException::forRuleNotFound('validateUser')
#1 C:\Users\gueye\PhpstormProjects\tontine\system\Validation\Validation.php(157): CodeIgniter\Validation\Validation->processRules('motPasse', 'motPasse', 'tamsir', Array, Array)
#2 C:\Users\gueye\PhpstormProjects\tontine\system\Controller.php(160): CodeIgniter\Validation\Validation->run()
#3 C:\Users\gueye\PhpstormProjects\tontine\app\Controllers\Utilisateur.php(33): CodeIgniter\Controller->validate(Array)
#4 C:\Users\gueye\PhpstormProjects\tontine\system\CodeIgniter.php(825): App\Controllers\Utilisateur->index()
#5 C:\Users\gueye\PhpstormProjects\tontine\system\CodeIgniter.php(412): CodeIgniter\CodeIgniter->runController(Object(App\Controllers\Utilisateur))
#6 C:\Users\gueye\PhpstormProjects\tontine\system\CodeIgniter.php(320): CodeIgniter\CodeIgniter->handleRequest(NULL, Object(Config\Cache), false)
#7 C:\Users\gueye\PhpstormProjects\tontine\public\index.php(37): CodeIgniter\CodeIgniter->run()
#8 C:\Users\gueye\PhpstormProjects\tontine\system\Commands\Server\rewrite.php(43): require_once('C:\\Users\\gueye\\...')
#9 {main}
CRITICAL - 2022-04-10 15:20:39 --> validateUser is not a valid rule.
#0 C:\Users\gueye\PhpstormProjects\tontine\system\Validation\Validation.php(300): CodeIgniter\Validation\Exceptions\ValidationException::forRuleNotFound('validateUser')
#1 C:\Users\gueye\PhpstormProjects\tontine\system\Validation\Validation.php(157): CodeIgniter\Validation\Validation->processRules('motPasse', 'motPasse', 'tamsir', Array, Array)
#2 C:\Users\gueye\PhpstormProjects\tontine\system\Controller.php(160): CodeIgniter\Validation\Validation->run()
#3 C:\Users\gueye\PhpstormProjects\tontine\app\Controllers\Utilisateur.php(33): CodeIgniter\Controller->validate(Array)
#4 C:\Users\gueye\PhpstormProjects\tontine\system\CodeIgniter.php(825): App\Controllers\Utilisateur->index()
#5 C:\Users\gueye\PhpstormProjects\tontine\system\CodeIgniter.php(412): CodeIgniter\CodeIgniter->runController(Object(App\Controllers\Utilisateur))
#6 C:\Users\gueye\PhpstormProjects\tontine\system\CodeIgniter.php(320): CodeIgniter\CodeIgniter->handleRequest(NULL, Object(Config\Cache), false)
#7 C:\Users\gueye\PhpstormProjects\tontine\public\index.php(37): CodeIgniter\CodeIgniter->run()
#8 C:\Users\gueye\PhpstormProjects\tontine\system\Commands\Server\rewrite.php(43): require_once('C:\\Users\\gueye\\...')
#9 {main}
CRITICAL - 2022-04-10 15:21:37 --> validateUser is not a valid rule.
#0 C:\Users\gueye\PhpstormProjects\tontine\system\Validation\Validation.php(300): CodeIgniter\Validation\Exceptions\ValidationException::forRuleNotFound('validateUser')
#1 C:\Users\gueye\PhpstormProjects\tontine\system\Validation\Validation.php(157): CodeIgniter\Validation\Validation->processRules('motPasse', 'motPasse', 'tamsir', Array, Array)
#2 C:\Users\gueye\PhpstormProjects\tontine\system\Controller.php(160): CodeIgniter\Validation\Validation->run()
#3 C:\Users\gueye\PhpstormProjects\tontine\app\Controllers\Utilisateur.php(33): CodeIgniter\Controller->validate(Array)
#4 C:\Users\gueye\PhpstormProjects\tontine\system\CodeIgniter.php(825): App\Controllers\Utilisateur->index()
#5 C:\Users\gueye\PhpstormProjects\tontine\system\CodeIgniter.php(412): CodeIgniter\CodeIgniter->runController(Object(App\Controllers\Utilisateur))
#6 C:\Users\gueye\PhpstormProjects\tontine\system\CodeIgniter.php(320): CodeIgniter\CodeIgniter->handleRequest(NULL, Object(Config\Cache), false)
#7 C:\Users\gueye\PhpstormProjects\tontine\public\index.php(37): CodeIgniter\CodeIgniter->run()
#8 C:\Users\gueye\PhpstormProjects\tontine\system\Commands\Server\rewrite.php(43): require_once('C:\\Users\\gueye\\...')
#9 {main}
CRITICAL - 2022-04-10 15:21:41 --> validateUser is not a valid rule.
#0 C:\Users\gueye\PhpstormProjects\tontine\system\Validation\Validation.php(300): CodeIgniter\Validation\Exceptions\ValidationException::forRuleNotFound('validateUser')
#1 C:\Users\gueye\PhpstormProjects\tontine\system\Validation\Validation.php(157): CodeIgniter\Validation\Validation->processRules('motPasse', 'motPasse', 'tamsir', Array, Array)
#2 C:\Users\gueye\PhpstormProjects\tontine\system\Controller.php(160): CodeIgniter\Validation\Validation->run()
#3 C:\Users\gueye\PhpstormProjects\tontine\app\Controllers\Utilisateur.php(33): CodeIgniter\Controller->validate(Array)
#4 C:\Users\gueye\PhpstormProjects\tontine\system\CodeIgniter.php(825): App\Controllers\Utilisateur->index()
#5 C:\Users\gueye\PhpstormProjects\tontine\system\CodeIgniter.php(412): CodeIgniter\CodeIgniter->runController(Object(App\Controllers\Utilisateur))
#6 C:\Users\gueye\PhpstormProjects\tontine\system\CodeIgniter.php(320): CodeIgniter\CodeIgniter->handleRequest(NULL, Object(Config\Cache), false)
#7 C:\Users\gueye\PhpstormProjects\tontine\public\index.php(37): CodeIgniter\CodeIgniter->run()
#8 C:\Users\gueye\PhpstormProjects\tontine\system\Commands\Server\rewrite.php(43): require_once('C:\\Users\\gueye\\...')
#9 {main}
CRITICAL - 2022-04-10 16:20:48 --> Undefined constant "CodeIgniter\Database\MySQLi\MYSQLI_STORE_RESULT"
#0 C:\Users\gueye\PhpstormProjects\tontine\system\Database\Database.php(56): CodeIgniter\Database\Database->initDriver('MySQLi', 'CodeIgniter\\Dat...', Array)
#1 C:\Users\gueye\PhpstormProjects\tontine\system\Database\Config.php(78): CodeIgniter\Database\Database->load(Array, 'default')
#2 C:\Users\gueye\PhpstormProjects\tontine\system\Model.php(97): CodeIgniter\Database\Config::connect('default')
#3 C:\Users\gueye\PhpstormProjects\tontine\app\Validation\UtilisateurRules.php(9): CodeIgniter\Model->__construct()
#4 C:\Users\gueye\PhpstormProjects\tontine\system\Validation\Validation.php(292): App\Validation\UtilisateurRules->utilisateurValide('tamsir', 'login,motPasse', Array, NULL)
#5 C:\Users\gueye\PhpstormProjects\tontine\system\Validation\Validation.php(157): CodeIgniter\Validation\Validation->processRules('motPasse', 'motPasse', 'tamsir', Array, Array)
#6 C:\Users\gueye\PhpstormProjects\tontine\system\Controller.php(160): CodeIgniter\Validation\Validation->run()
#7 C:\Users\gueye\PhpstormProjects\tontine\app\Controllers\Utilisateur.php(33): CodeIgniter\Controller->validate(Array)
#8 C:\Users\gueye\PhpstormProjects\tontine\system\CodeIgniter.php(825): App\Controllers\Utilisateur->index()
#9 C:\Users\gueye\PhpstormProjects\tontine\system\CodeIgniter.php(412): CodeIgniter\CodeIgniter->runController(Object(App\Controllers\Utilisateur))
#10 C:\Users\gueye\PhpstormProjects\tontine\system\CodeIgniter.php(320): CodeIgniter\CodeIgniter->handleRequest(NULL, Object(Config\Cache), false)
#11 C:\Users\gueye\PhpstormProjects\tontine\public\index.php(37): CodeIgniter\CodeIgniter->run()
#12 C:\Users\gueye\PhpstormProjects\tontine\system\Commands\Server\rewrite.php(43): require_once('C:\\Users\\gueye\\...')
#13 {main}
CRITICAL - 2022-04-10 16:23:48 --> Undefined constant "CodeIgniter\Database\MySQLi\MYSQLI_STORE_RESULT"
#0 C:\Users\gueye\PhpstormProjects\tontine\system\Database\Database.php(56): CodeIgniter\Database\Database->initDriver('MySQLi', 'CodeIgniter\\Dat...', Array)
#1 C:\Users\gueye\PhpstormProjects\tontine\system\Database\Config.php(78): CodeIgniter\Database\Database->load(Array, 'default')
#2 C:\Users\gueye\PhpstormProjects\tontine\system\Model.php(97): CodeIgniter\Database\Config::connect('default')
#3 C:\Users\gueye\PhpstormProjects\tontine\app\Validation\UtilisateurRules.php(9): CodeIgniter\Model->__construct()
#4 C:\Users\gueye\PhpstormProjects\tontine\system\Validation\Validation.php(292): App\Validation\UtilisateurRules->utilisateurValide('tamsir', 'login,motPasse', Array, NULL)
#5 C:\Users\gueye\PhpstormProjects\tontine\system\Validation\Validation.php(157): CodeIgniter\Validation\Validation->processRules('motPasse', 'motPasse', 'tamsir', Array, Array)
#6 C:\Users\gueye\PhpstormProjects\tontine\system\Controller.php(160): CodeIgniter\Validation\Validation->run()
#7 C:\Users\gueye\PhpstormProjects\tontine\app\Controllers\Utilisateur.php(33): CodeIgniter\Controller->validate(Array)
#8 C:\Users\gueye\PhpstormProjects\tontine\system\CodeIgniter.php(825): App\Controllers\Utilisateur->index()
#9 C:\Users\gueye\PhpstormProjects\tontine\system\CodeIgniter.php(412): CodeIgniter\CodeIgniter->runController(Object(App\Controllers\Utilisateur))
#10 C:\Users\gueye\PhpstormProjects\tontine\system\CodeIgniter.php(320): CodeIgniter\CodeIgniter->handleRequest(NULL, Object(Config\Cache), false)
#11 C:\Users\gueye\PhpstormProjects\tontine\public\index.php(37): CodeIgniter\CodeIgniter->run()
#12 C:\Users\gueye\PhpstormProjects\tontine\system\Commands\Server\rewrite.php(43): require_once('C:\\Users\\gueye\\...')
#13 {main}
CRITICAL - 2022-04-10 16:23:51 --> Undefined constant "CodeIgniter\Database\MySQLi\MYSQLI_STORE_RESULT"
#0 C:\Users\gueye\PhpstormProjects\tontine\system\Database\Database.php(56): CodeIgniter\Database\Database->initDriver('MySQLi', 'CodeIgniter\\Dat...', Array)
#1 C:\Users\gueye\PhpstormProjects\tontine\system\Database\Config.php(78): CodeIgniter\Database\Database->load(Array, 'default')
#2 C:\Users\gueye\PhpstormProjects\tontine\system\Model.php(97): CodeIgniter\Database\Config::connect('default')
#3 C:\Users\gueye\PhpstormProjects\tontine\app\Validation\UtilisateurRules.php(9): CodeIgniter\Model->__construct()
#4 C:\Users\gueye\PhpstormProjects\tontine\system\Validation\Validation.php(292): App\Validation\UtilisateurRules->utilisateurValide('tamsir', 'login,motPasse', Array, NULL)
#5 C:\Users\gueye\PhpstormProjects\tontine\system\Validation\Validation.php(157): CodeIgniter\Validation\Validation->processRules('motPasse', 'motPasse', 'tamsir', Array, Array)
#6 C:\Users\gueye\PhpstormProjects\tontine\system\Controller.php(160): CodeIgniter\Validation\Validation->run()
#7 C:\Users\gueye\PhpstormProjects\tontine\app\Controllers\Utilisateur.php(33): CodeIgniter\Controller->validate(Array)
#8 C:\Users\gueye\PhpstormProjects\tontine\system\CodeIgniter.php(825): App\Controllers\Utilisateur->index()
#9 C:\Users\gueye\PhpstormProjects\tontine\system\CodeIgniter.php(412): CodeIgniter\CodeIgniter->runController(Object(App\Controllers\Utilisateur))
#10 C:\Users\gueye\PhpstormProjects\tontine\system\CodeIgniter.php(320): CodeIgniter\CodeIgniter->handleRequest(NULL, Object(Config\Cache), false)
#11 C:\Users\gueye\PhpstormProjects\tontine\public\index.php(37): CodeIgniter\CodeIgniter->run()
#12 C:\Users\gueye\PhpstormProjects\tontine\system\Commands\Server\rewrite.php(43): require_once('C:\\Users\\gueye\\...')
#13 {main}
CRITICAL - 2022-04-10 16:24:00 --> Undefined constant "CodeIgniter\Database\MySQLi\MYSQLI_STORE_RESULT"
#0 C:\Users\gueye\PhpstormProjects\tontine\system\Database\Database.php(56): CodeIgniter\Database\Database->initDriver('MySQLi', 'CodeIgniter\\Dat...', Array)
#1 C:\Users\gueye\PhpstormProjects\tontine\system\Database\Config.php(78): CodeIgniter\Database\Database->load(Array, 'default')
#2 C:\Users\gueye\PhpstormProjects\tontine\system\Model.php(97): CodeIgniter\Database\Config::connect('default')
#3 C:\Users\gueye\PhpstormProjects\tontine\app\Validation\UtilisateurRules.php(9): CodeIgniter\Model->__construct()
#4 C:\Users\gueye\PhpstormProjects\tontine\system\Validation\Validation.php(292): App\Validation\UtilisateurRules->utilisateurValide('tamsir', 'login,motPasse', Array, NULL)
#5 C:\Users\gueye\PhpstormProjects\tontine\system\Validation\Validation.php(157): CodeIgniter\Validation\Validation->processRules('motPasse', 'motPasse', 'tamsir', Array, Array)
#6 C:\Users\gueye\PhpstormProjects\tontine\system\Controller.php(160): CodeIgniter\Validation\Validation->run()
#7 C:\Users\gueye\PhpstormProjects\tontine\app\Controllers\Utilisateur.php(33): CodeIgniter\Controller->validate(Array)
#8 C:\Users\gueye\PhpstormProjects\tontine\system\CodeIgniter.php(825): App\Controllers\Utilisateur->index()
#9 C:\Users\gueye\PhpstormProjects\tontine\system\CodeIgniter.php(412): CodeIgniter\CodeIgniter->runController(Object(App\Controllers\Utilisateur))
#10 C:\Users\gueye\PhpstormProjects\tontine\system\CodeIgniter.php(320): CodeIgniter\CodeIgniter->handleRequest(NULL, Object(Config\Cache), false)
#11 C:\Users\gueye\PhpstormProjects\tontine\public\index.php(37): CodeIgniter\CodeIgniter->run()
#12 C:\Users\gueye\PhpstormProjects\tontine\system\Commands\Server\rewrite.php(43): require_once('C:\\Users\\gueye\\...')
#13 {main}
CRITICAL - 2022-04-10 16:24:02 --> Undefined constant "CodeIgniter\Database\MySQLi\MYSQLI_STORE_RESULT"
#0 C:\Users\gueye\PhpstormProjects\tontine\system\Database\Database.php(56): CodeIgniter\Database\Database->initDriver('MySQLi', 'CodeIgniter\\Dat...', Array)
#1 C:\Users\gueye\PhpstormProjects\tontine\system\Database\Config.php(78): CodeIgniter\Database\Database->load(Array, 'default')
#2 C:\Users\gueye\PhpstormProjects\tontine\system\Model.php(97): CodeIgniter\Database\Config::connect('default')
#3 C:\Users\gueye\PhpstormProjects\tontine\app\Validation\UtilisateurRules.php(9): CodeIgniter\Model->__construct()
#4 C:\Users\gueye\PhpstormProjects\tontine\system\Validation\Validation.php(292): App\Validation\UtilisateurRules->utilisateurValide('tamsir', 'login,motPasse', Array, NULL)
#5 C:\Users\gueye\PhpstormProjects\tontine\system\Validation\Validation.php(157): CodeIgniter\Validation\Validation->processRules('motPasse', 'motPasse', 'tamsir', Array, Array)
#6 C:\Users\gueye\PhpstormProjects\tontine\system\Controller.php(160): CodeIgniter\Validation\Validation->run()
#7 C:\Users\gueye\PhpstormProjects\tontine\app\Controllers\Utilisateur.php(33): CodeIgniter\Controller->validate(Array)
#8 C:\Users\gueye\PhpstormProjects\tontine\system\CodeIgniter.php(825): App\Controllers\Utilisateur->index()
#9 C:\Users\gueye\PhpstormProjects\tontine\system\CodeIgniter.php(412): CodeIgniter\CodeIgniter->runController(Object(App\Controllers\Utilisateur))
#10 C:\Users\gueye\PhpstormProjects\tontine\system\CodeIgniter.php(320): CodeIgniter\CodeIgniter->handleRequest(NULL, Object(Config\Cache), false)
#11 C:\Users\gueye\PhpstormProjects\tontine\public\index.php(37): CodeIgniter\CodeIgniter->run()
#12 C:\Users\gueye\PhpstormProjects\tontine\system\Commands\Server\rewrite.php(43): require_once('C:\\Users\\gueye\\...')
#13 {main}
CRITICAL - 2022-04-10 16:53:36 --> Undefined constant "CodeIgniter\Database\MySQLi\MYSQLI_STORE_RESULT"
#0 C:\Users\gueye\PhpstormProjects\tontine\system\Database\Database.php(56): CodeIgniter\Database\Database->initDriver('MySQLi', 'CodeIgniter\\Dat...', Array)
#1 C:\Users\gueye\PhpstormProjects\tontine\system\Database\Config.php(78): CodeIgniter\Database\Database->load(Array, 'default')
#2 C:\Users\gueye\PhpstormProjects\tontine\system\Model.php(97): CodeIgniter\Database\Config::connect('default')
#3 C:\Users\gueye\PhpstormProjects\tontine\app\Validation\UtilisateurRules.php(9): CodeIgniter\Model->__construct()
#4 C:\Users\gueye\PhpstormProjects\tontine\system\Validation\Validation.php(292): App\Validation\UtilisateurRules->utilisateurValide('tamsir', 'login,motPasse', Array, NULL)
#5 C:\Users\gueye\PhpstormProjects\tontine\system\Validation\Validation.php(157): CodeIgniter\Validation\Validation->processRules('motPasse', 'motPasse', 'tamsir', Array, Array)
#6 C:\Users\gueye\PhpstormProjects\tontine\system\Controller.php(160): CodeIgniter\Validation\Validation->run()
#7 C:\Users\gueye\PhpstormProjects\tontine\app\Controllers\Utilisateur.php(33): CodeIgniter\Controller->validate(Array)
#8 C:\Users\gueye\PhpstormProjects\tontine\system\CodeIgniter.php(825): App\Controllers\Utilisateur->index()
#9 C:\Users\gueye\PhpstormProjects\tontine\system\CodeIgniter.php(412): CodeIgniter\CodeIgniter->runController(Object(App\Controllers\Utilisateur))
#10 C:\Users\gueye\PhpstormProjects\tontine\system\CodeIgniter.php(320): CodeIgniter\CodeIgniter->handleRequest(NULL, Object(Config\Cache), false)
#11 C:\Users\gueye\PhpstormProjects\tontine\public\index.php(37): CodeIgniter\CodeIgniter->run()
#12 C:\Users\gueye\PhpstormProjects\tontine\system\Commands\Server\rewrite.php(43): require_once('C:\\Users\\gueye\\...')
#13 {main}
CRITICAL - 2022-04-10 16:56:08 --> Undefined constant "CodeIgniter\Database\MySQLi\MYSQLI_STORE_RESULT"
#0 C:\Users\gueye\PhpstormProjects\tontine\system\Database\Database.php(56): CodeIgniter\Database\Database->initDriver('MySQLi', 'CodeIgniter\\Dat...', Array)
#1 C:\Users\gueye\PhpstormProjects\tontine\system\Database\Config.php(78): CodeIgniter\Database\Database->load(Array, 'default')
#2 C:\Users\gueye\PhpstormProjects\tontine\system\Model.php(97): CodeIgniter\Database\Config::connect('default')
#3 C:\Users\gueye\PhpstormProjects\tontine\app\Validation\UtilisateurRules.php(9): CodeIgniter\Model->__construct()
#4 C:\Users\gueye\PhpstormProjects\tontine\system\Validation\Validation.php(292): App\Validation\UtilisateurRules->utilisateurValide('tamsir', 'login,motPasse', Array, NULL)
#5 C:\Users\gueye\PhpstormProjects\tontine\system\Validation\Validation.php(157): CodeIgniter\Validation\Validation->processRules('motPasse', 'motPasse', 'tamsir', Array, Array)
#6 C:\Users\gueye\PhpstormProjects\tontine\system\Controller.php(160): CodeIgniter\Validation\Validation->run()
#7 C:\Users\gueye\PhpstormProjects\tontine\app\Controllers\Utilisateur.php(33): CodeIgniter\Controller->validate(Array)
#8 C:\Users\gueye\PhpstormProjects\tontine\system\CodeIgniter.php(825): App\Controllers\Utilisateur->index()
#9 C:\Users\gueye\PhpstormProjects\tontine\system\CodeIgniter.php(412): CodeIgniter\CodeIgniter->runController(Object(App\Controllers\Utilisateur))
#10 C:\Users\gueye\PhpstormProjects\tontine\system\CodeIgniter.php(320): CodeIgniter\CodeIgniter->handleRequest(NULL, Object(Config\Cache), false)
#11 C:\Users\gueye\PhpstormProjects\tontine\public\index.php(37): CodeIgniter\CodeIgniter->run()
#12 C:\Users\gueye\PhpstormProjects\tontine\system\Commands\Server\rewrite.php(43): require_once('C:\\Users\\gueye\\...')
#13 {main}
CRITICAL - 2022-04-10 16:56:14 --> Undefined constant "CodeIgniter\Database\MySQLi\MYSQLI_STORE_RESULT"
#0 C:\Users\gueye\PhpstormProjects\tontine\system\Database\Database.php(56): CodeIgniter\Database\Database->initDriver('MySQLi', 'CodeIgniter\\Dat...', Array)
#1 C:\Users\gueye\PhpstormProjects\tontine\system\Database\Config.php(78): CodeIgniter\Database\Database->load(Array, 'default')
#2 C:\Users\gueye\PhpstormProjects\tontine\system\Model.php(97): CodeIgniter\Database\Config::connect('default')
#3 C:\Users\gueye\PhpstormProjects\tontine\app\Validation\UtilisateurRules.php(9): CodeIgniter\Model->__construct()
#4 C:\Users\gueye\PhpstormProjects\tontine\system\Validation\Validation.php(292): App\Validation\UtilisateurRules->utilisateurValide('tamsir', 'login,motPasse', Array, NULL)
#5 C:\Users\gueye\PhpstormProjects\tontine\system\Validation\Validation.php(157): CodeIgniter\Validation\Validation->processRules('motPasse', 'motPasse', 'tamsir', Array, Array)
#6 C:\Users\gueye\PhpstormProjects\tontine\system\Controller.php(160): CodeIgniter\Validation\Validation->run()
#7 C:\Users\gueye\PhpstormProjects\tontine\app\Controllers\Utilisateur.php(33): CodeIgniter\Controller->validate(Array)
#8 C:\Users\gueye\PhpstormProjects\tontine\system\CodeIgniter.php(825): App\Controllers\Utilisateur->index()
#9 C:\Users\gueye\PhpstormProjects\tontine\system\CodeIgniter.php(412): CodeIgniter\CodeIgniter->runController(Object(App\Controllers\Utilisateur))
#10 C:\Users\gueye\PhpstormProjects\tontine\system\CodeIgniter.php(320): CodeIgniter\CodeIgniter->handleRequest(NULL, Object(Config\Cache), false)
#11 C:\Users\gueye\PhpstormProjects\tontine\public\index.php(37): CodeIgniter\CodeIgniter->run()
#12 C:\Users\gueye\PhpstormProjects\tontine\system\Commands\Server\rewrite.php(43): require_once('C:\\Users\\gueye\\...')
#13 {main}
CRITICAL - 2022-04-10 16:56:50 --> Undefined constant "CodeIgniter\Database\MySQLi\MYSQLI_STORE_RESULT"
#0 C:\Users\gueye\PhpstormProjects\tontine\system\Database\Database.php(56): CodeIgniter\Database\Database->initDriver('MySQLi', 'CodeIgniter\\Dat...', Array)
#1 C:\Users\gueye\PhpstormProjects\tontine\system\Database\Config.php(78): CodeIgniter\Database\Database->load(Array, 'default')
#2 C:\Users\gueye\PhpstormProjects\tontine\system\Model.php(97): CodeIgniter\Database\Config::connect('default')
#3 C:\Users\gueye\PhpstormProjects\tontine\app\Validation\UtilisateurRules.php(9): CodeIgniter\Model->__construct()
#4 C:\Users\gueye\PhpstormProjects\tontine\system\Validation\Validation.php(292): App\Validation\UtilisateurRules->utilisateurValide('tamsir', 'login,motPasse', Array, NULL)
#5 C:\Users\gueye\PhpstormProjects\tontine\system\Validation\Validation.php(157): CodeIgniter\Validation\Validation->processRules('motPasse', 'motPasse', 'tamsir', Array, Array)
#6 C:\Users\gueye\PhpstormProjects\tontine\system\Controller.php(160): CodeIgniter\Validation\Validation->run()
#7 C:\Users\gueye\PhpstormProjects\tontine\app\Controllers\Utilisateur.php(33): CodeIgniter\Controller->validate(Array)
#8 C:\Users\gueye\PhpstormProjects\tontine\system\CodeIgniter.php(825): App\Controllers\Utilisateur->index()
#9 C:\Users\gueye\PhpstormProjects\tontine\system\CodeIgniter.php(412): CodeIgniter\CodeIgniter->runController(Object(App\Controllers\Utilisateur))
#10 C:\Users\gueye\PhpstormProjects\tontine\system\CodeIgniter.php(320): CodeIgniter\CodeIgniter->handleRequest(NULL, Object(Config\Cache), false)
#11 C:\Users\gueye\PhpstormProjects\tontine\public\index.php(37): CodeIgniter\CodeIgniter->run()
#12 C:\Users\gueye\PhpstormProjects\tontine\system\Commands\Server\rewrite.php(43): require_once('C:\\Users\\gueye\\...')
#13 {main}
CRITICAL - 2022-04-10 16:58:14 --> Undefined constant "CodeIgniter\Database\MySQLi\MYSQLI_STORE_RESULT"
#0 C:\Users\gueye\PhpstormProjects\tontine\system\Database\Database.php(56): CodeIgniter\Database\Database->initDriver('MySQLi', 'CodeIgniter\\Dat...', Array)
#1 C:\Users\gueye\PhpstormProjects\tontine\system\Database\Config.php(78): CodeIgniter\Database\Database->load(Array, 'default')
#2 C:\Users\gueye\PhpstormProjects\tontine\system\Model.php(97): CodeIgniter\Database\Config::connect('default')
#3 C:\Users\gueye\PhpstormProjects\tontine\app\Validation\UtilisateurRules.php(9): CodeIgniter\Model->__construct()
#4 C:\Users\gueye\PhpstormProjects\tontine\system\Validation\Validation.php(292): App\Validation\UtilisateurRules->utilisateurValide('tamsir', 'login,motPasse', Array, NULL)
#5 C:\Users\gueye\PhpstormProjects\tontine\system\Validation\Validation.php(157): CodeIgniter\Validation\Validation->processRules('motPasse', 'motPasse', 'tamsir', Array, Array)
#6 C:\Users\gueye\PhpstormProjects\tontine\system\Controller.php(160): CodeIgniter\Validation\Validation->run()
#7 C:\Users\gueye\PhpstormProjects\tontine\app\Controllers\Utilisateur.php(33): CodeIgniter\Controller->validate(Array)
#8 C:\Users\gueye\PhpstormProjects\tontine\system\CodeIgniter.php(825): App\Controllers\Utilisateur->index()
#9 C:\Users\gueye\PhpstormProjects\tontine\system\CodeIgniter.php(412): CodeIgniter\CodeIgniter->runController(Object(App\Controllers\Utilisateur))
#10 C:\Users\gueye\PhpstormProjects\tontine\system\CodeIgniter.php(320): CodeIgniter\CodeIgniter->handleRequest(NULL, Object(Config\Cache), false)
#11 C:\Users\gueye\PhpstormProjects\tontine\public\index.php(37): CodeIgniter\CodeIgniter->run()
#12 C:\Users\gueye\PhpstormProjects\tontine\system\Commands\Server\rewrite.php(43): require_once('C:\\Users\\gueye\\...')
#13 {main}
CRITICAL - 2022-04-10 16:58:17 --> Undefined constant "CodeIgniter\Database\MySQLi\MYSQLI_STORE_RESULT"
#0 C:\Users\gueye\PhpstormProjects\tontine\system\Database\Database.php(56): CodeIgniter\Database\Database->initDriver('MySQLi', 'CodeIgniter\\Dat...', Array)
#1 C:\Users\gueye\PhpstormProjects\tontine\system\Database\Config.php(78): CodeIgniter\Database\Database->load(Array, 'default')
#2 C:\Users\gueye\PhpstormProjects\tontine\system\Model.php(97): CodeIgniter\Database\Config::connect('default')
#3 C:\Users\gueye\PhpstormProjects\tontine\app\Validation\UtilisateurRules.php(9): CodeIgniter\Model->__construct()
#4 C:\Users\gueye\PhpstormProjects\tontine\system\Validation\Validation.php(292): App\Validation\UtilisateurRules->utilisateurValide('tamsir', 'login,motPasse', Array, NULL)
#5 C:\Users\gueye\PhpstormProjects\tontine\system\Validation\Validation.php(157): CodeIgniter\Validation\Validation->processRules('motPasse', 'motPasse', 'tamsir', Array, Array)
#6 C:\Users\gueye\PhpstormProjects\tontine\system\Controller.php(160): CodeIgniter\Validation\Validation->run()
#7 C:\Users\gueye\PhpstormProjects\tontine\app\Controllers\Utilisateur.php(33): CodeIgniter\Controller->validate(Array)
#8 C:\Users\gueye\PhpstormProjects\tontine\system\CodeIgniter.php(825): App\Controllers\Utilisateur->index()
#9 C:\Users\gueye\PhpstormProjects\tontine\system\CodeIgniter.php(412): CodeIgniter\CodeIgniter->runController(Object(App\Controllers\Utilisateur))
#10 C:\Users\gueye\PhpstormProjects\tontine\system\CodeIgniter.php(320): CodeIgniter\CodeIgniter->handleRequest(NULL, Object(Config\Cache), false)
#11 C:\Users\gueye\PhpstormProjects\tontine\public\index.php(37): CodeIgniter\CodeIgniter->run()
#12 C:\Users\gueye\PhpstormProjects\tontine\system\Commands\Server\rewrite.php(43): require_once('C:\\Users\\gueye\\...')
#13 {main}
CRITICAL - 2022-04-10 17:25:44 --> Undefined constant "CodeIgniter\Database\MySQLi\MYSQLI_STORE_RESULT"
#0 C:\Users\gueye\PhpstormProjects\tontine\system\Database\Database.php(56): CodeIgniter\Database\Database->initDriver('MySQLi', 'CodeIgniter\\Dat...', Array)
#1 C:\Users\gueye\PhpstormProjects\tontine\system\Database\Config.php(78): CodeIgniter\Database\Database->load(Array, 'default')
#2 C:\Users\gueye\PhpstormProjects\tontine\system\Model.php(97): CodeIgniter\Database\Config::connect('default')
#3 C:\Users\gueye\PhpstormProjects\tontine\app\Validation\UtilisateurRules.php(9): CodeIgniter\Model->__construct()
#4 C:\Users\gueye\PhpstormProjects\tontine\system\Validation\Validation.php(292): App\Validation\UtilisateurRules->utilisateurValide('tamsir', 'login,motPasse', Array, NULL)
#5 C:\Users\gueye\PhpstormProjects\tontine\system\Validation\Validation.php(157): CodeIgniter\Validation\Validation->processRules('motPasse', 'motPasse', 'tamsir', Array, Array)
#6 C:\Users\gueye\PhpstormProjects\tontine\system\Controller.php(160): CodeIgniter\Validation\Validation->run()
#7 C:\Users\gueye\PhpstormProjects\tontine\app\Controllers\Utilisateur.php(33): CodeIgniter\Controller->validate(Array)
#8 C:\Users\gueye\PhpstormProjects\tontine\system\CodeIgniter.php(825): App\Controllers\Utilisateur->index()
#9 C:\Users\gueye\PhpstormProjects\tontine\system\CodeIgniter.php(412): CodeIgniter\CodeIgniter->runController(Object(App\Controllers\Utilisateur))
#10 C:\Users\gueye\PhpstormProjects\tontine\system\CodeIgniter.php(320): CodeIgniter\CodeIgniter->handleRequest(NULL, Object(Config\Cache), false)
#11 C:\Users\gueye\PhpstormProjects\tontine\public\index.php(37): CodeIgniter\CodeIgniter->run()
#12 C:\Users\gueye\PhpstormProjects\tontine\system\Commands\Server\rewrite.php(43): require_once('C:\\Users\\gueye\\...')
#13 {main}
CRITICAL - 2022-04-10 17:28:05 --> Undefined constant "CodeIgniter\Database\MySQLi\MYSQLI_STORE_RESULT"
#0 C:\Users\gueye\PhpstormProjects\tontine\system\Database\Database.php(56): CodeIgniter\Database\Database->initDriver('MySQLi', 'CodeIgniter\\Dat...', Array)
#1 C:\Users\gueye\PhpstormProjects\tontine\system\Database\Config.php(78): CodeIgniter\Database\Database->load(Array, 'default')
#2 C:\Users\gueye\PhpstormProjects\tontine\system\Model.php(97): CodeIgniter\Database\Config::connect('default')
#3 C:\Users\gueye\PhpstormProjects\tontine\app\Validation\UtilisateurRules.php(9): CodeIgniter\Model->__construct()
#4 C:\Users\gueye\PhpstormProjects\tontine\system\Validation\Validation.php(292): App\Validation\UtilisateurRules->utilisateurValide('tamsir', 'login,motPasse', Array, NULL)
#5 C:\Users\gueye\PhpstormProjects\tontine\system\Validation\Validation.php(157): CodeIgniter\Validation\Validation->processRules('motPasse', 'motPasse', 'tamsir', Array, Array)
#6 C:\Users\gueye\PhpstormProjects\tontine\system\Controller.php(160): CodeIgniter\Validation\Validation->run()
#7 C:\Users\gueye\PhpstormProjects\tontine\app\Controllers\Utilisateur.php(33): CodeIgniter\Controller->validate(Array)
#8 C:\Users\gueye\PhpstormProjects\tontine\system\CodeIgniter.php(825): App\Controllers\Utilisateur->index()
#9 C:\Users\gueye\PhpstormProjects\tontine\system\CodeIgniter.php(412): CodeIgniter\CodeIgniter->runController(Object(App\Controllers\Utilisateur))
#10 C:\Users\gueye\PhpstormProjects\tontine\system\CodeIgniter.php(320): CodeIgniter\CodeIgniter->handleRequest(NULL, Object(Config\Cache), false)
#11 C:\Users\gueye\PhpstormProjects\tontine\public\index.php(37): CodeIgniter\CodeIgniter->run()
#12 C:\Users\gueye\PhpstormProjects\tontine\system\Commands\Server\rewrite.php(43): require_once('C:\\Users\\gueye\\...')
#13 {main}
CRITICAL - 2022-04-10 17:28:08 --> Undefined constant "CodeIgniter\Database\MySQLi\MYSQLI_STORE_RESULT"
#0 C:\Users\gueye\PhpstormProjects\tontine\system\Database\Database.php(56): CodeIgniter\Database\Database->initDriver('MySQLi', 'CodeIgniter\\Dat...', Array)
#1 C:\Users\gueye\PhpstormProjects\tontine\system\Database\Config.php(78): CodeIgniter\Database\Database->load(Array, 'default')
#2 C:\Users\gueye\PhpstormProjects\tontine\system\Model.php(97): CodeIgniter\Database\Config::connect('default')
#3 C:\Users\gueye\PhpstormProjects\tontine\app\Validation\UtilisateurRules.php(9): CodeIgniter\Model->__construct()
#4 C:\Users\gueye\PhpstormProjects\tontine\system\Validation\Validation.php(292): App\Validation\UtilisateurRules->utilisateurValide('tamsir', 'login,motPasse', Array, NULL)
#5 C:\Users\gueye\PhpstormProjects\tontine\system\Validation\Validation.php(157): CodeIgniter\Validation\Validation->processRules('motPasse', 'motPasse', 'tamsir', Array, Array)
#6 C:\Users\gueye\PhpstormProjects\tontine\system\Controller.php(160): CodeIgniter\Validation\Validation->run()
#7 C:\Users\gueye\PhpstormProjects\tontine\app\Controllers\Utilisateur.php(33): CodeIgniter\Controller->validate(Array)
#8 C:\Users\gueye\PhpstormProjects\tontine\system\CodeIgniter.php(825): App\Controllers\Utilisateur->index()
#9 C:\Users\gueye\PhpstormProjects\tontine\system\CodeIgniter.php(412): CodeIgniter\CodeIgniter->runController(Object(App\Controllers\Utilisateur))
#10 C:\Users\gueye\PhpstormProjects\tontine\system\CodeIgniter.php(320): CodeIgniter\CodeIgniter->handleRequest(NULL, Object(Config\Cache), false)
#11 C:\Users\gueye\PhpstormProjects\tontine\public\index.php(37): CodeIgniter\CodeIgniter->run()
#12 C:\Users\gueye\PhpstormProjects\tontine\system\Commands\Server\rewrite.php(43): require_once('C:\\Users\\gueye\\...')
#13 {main}
